<!DOCTYPE html>
<html>
<head>
    <title>Unittest Results</title>
    <meta charset="utf-8">
    <meta name="viewport" content="width=device-width, initial-scale=1.0">
    <link rel="stylesheet" href="https://maxcdn.bootstrapcdn.com/bootstrap/3.3.6/css/bootstrap.min.css" integrity="sha384-1q8mTJOASx8j1Au+a5WDVnPi2lkFfwwEAa8hDDdjZlpLegxhjVME1fgjWPGmkzs7" crossorigin="anonymous">
</head>
<body>
    <div class="container">
        <div class="row">
            <div class="col-xs-12">
                <h2 class="text-capitalize">Unittest Results</h2>
                <p class='attribute'><strong>Start Time: </strong>2022-01-23 14:29:21</p>
                <p class='attribute'><strong>Duration: </strong>10.52 s</p>
                <p class='attribute'><strong>Summary: </strong>Total: 1, Pass: 0, Error: 1</p>
            </div>
        </div>
        <div class="row">
            <div class="col-xs-12 col-sm-10 col-md-10">
                <table class='table table-hover table-responsive'>
                    <thead>
                        <tr>
                            <th>__main__.CheckPatient</th>
                            <th>Status</th>
                            <th></th>
                        </tr>
                    </thead>
                    <tbody>
                        <tr class='warning'>
                            <td class="col-xs-10">test_check_patient</td>
                            <td class="col-xs-1">
                                <span class="label label-warning" style="display:block;width:40px;">Error</span>
                            </td>
                            <td class="col-xs-1">
                                <button class="btn btn-default btn-xs">View</button>
                            </td>
                        </tr>
                        <tr style="display:none;">
                            <td class="col-xs-9" colspan="3"><p style="color:maroon;">NoSuchElementException: Message: no such element: Unable to locate element: {"method":"css selector","selector":"[name="body_weight"]"}
  (Session info: chrome=97.0.4692.71)
Stacktrace:
#0 0x561ca6857ee3 <unknown>
#1 0x561ca6325608 <unknown>
#2 0x561ca635baa1 <unknown>
#3 0x561ca635bc61 <unknown>
#4 0x561ca638e714 <unknown>
#5 0x561ca637929d <unknown>
#6 0x561ca638c3bc <unknown>
#7 0x561ca6379163 <unknown>
#8 0x561ca634ebfc <unknown>
#9 0x561ca634fc05 <unknown>
#10 0x561ca6889baa <unknown>
#11 0x561ca689f651 <unknown>
#12 0x561ca688ab05 <unknown>
#13 0x561ca68a0a68 <unknown>
#14 0x561ca687f05f <unknown>
#15 0x561ca68bb818 <unknown>
#16 0x561ca68bb998 <unknown>
#17 0x561ca68d6eed <unknown>
#18 0x7f79d0400609 <unknown>
</p><p style="color:maroon;">Traceback (most recent call last):
  File "/home/adminroot/Desktop/final-assignment/inno-doctor/testing-work/addvitalsign_test.py", line 38, in test_check_patient
    Baseconfig.driver.find_element_by_name('body_weight').send_keys('56')
  File "/home/adminroot/Desktop/final-assignment/inno-doctor/venv/lib/python3.8/site-packages/selenium/webdriver/remote/webdriver.py", line 664, in find_element_by_name
    return self.find_element(by=By.NAME, value=name)
  File "/home/adminroot/Desktop/final-assignment/inno-doctor/venv/lib/python3.8/site-packages/selenium/webdriver/remote/webdriver.py", line 1244, in find_element
    return self.execute(Command.FIND_ELEMENT, {
  File "/home/adminroot/Desktop/final-assignment/inno-doctor/venv/lib/python3.8/site-packages/selenium/webdriver/remote/webdriver.py", line 424, in execute
    self.error_handler.check_response(response)
  File "/home/adminroot/Desktop/final-assignment/inno-doctor/venv/lib/python3.8/site-packages/selenium/webdriver/remote/errorhandler.py", line 247, in check_response
    raise exception_class(message, screen, stacktrace)
selenium.common.exceptions.NoSuchElementException: Message: no such element: Unable to locate element: {"method":"css selector","selector":"[name="body_weight"]"}
  (Session info: chrome=97.0.4692.71)
Stacktrace:
#0 0x561ca6857ee3 <unknown>
#1 0x561ca6325608 <unknown>
#2 0x561ca635baa1 <unknown>
#3 0x561ca635bc61 <unknown>
#4 0x561ca638e714 <unknown>
#5 0x561ca637929d <unknown>
#6 0x561ca638c3bc <unknown>
#7 0x561ca6379163 <unknown>
#8 0x561ca634ebfc <unknown>
#9 0x561ca634fc05 <unknown>
#10 0x561ca6889baa <unknown>
#11 0x561ca689f651 <unknown>
#12 0x561ca688ab05 <unknown>
#13 0x561ca68a0a68 <unknown>
#14 0x561ca687f05f <unknown>
#15 0x561ca68bb818 <unknown>
#16 0x561ca68bb998 <unknown>
#17 0x561ca68d6eed <unknown>
#18 0x7f79d0400609 <unknown>

/home/adminroot/Desktop/final-assignment/inno-doctor/testing-work/addvitalsign_test.py:18: DeprecationWarning: find_element_by_* commands are deprecated. Please use find_element() instead
  Baseconfig.driver.find_element_by_xpath('//*[@id="navigation"]/ul/li[3]/a').click()
/home/adminroot/Desktop/final-assignment/inno-doctor/testing-work/addvitalsign_test.py:19: DeprecationWarning: find_element_by_* commands are deprecated. Please use find_element() instead
  Baseconfig.driver.find_element_by_id('id_email').send_keys(Configuration.USER_EMAIL)
/home/adminroot/Desktop/final-assignment/inno-doctor/testing-work/addvitalsign_test.py:21: DeprecationWarning: find_element_by_* commands are deprecated. Please use find_element() instead
  Baseconfig.driver.find_element_by_id('id_password').send_keys(Configuration.USER_PASSWORD)
/home/adminroot/Desktop/final-assignment/inno-doctor/testing-work/addvitalsign_test.py:22: DeprecationWarning: find_element_by_* commands are deprecated. Please use find_element() instead
  Baseconfig.driver.find_element_by_xpath('//*[@id="rememberMe"]').click()
/home/adminroot/Desktop/final-assignment/inno-doctor/testing-work/addvitalsign_test.py:24: DeprecationWarning: find_element_by_* commands are deprecated. Please use find_element() instead
  button=Baseconfig.driver.find_element_by_id('doctor_signin')
/home/adminroot/Desktop/final-assignment/inno-doctor/testing-work/addvitalsign_test.py:28: DeprecationWarning: find_element_by_* commands are deprecated. Please use find_element() instead
  checkpatient=Baseconfig.driver.find_element_by_xpath('//*[@id="navigation"]/ul/li[1]/a/p')
/home/adminroot/Desktop/final-assignment/inno-doctor/testing-work/addvitalsign_test.py:31: DeprecationWarning: find_element_by_* commands are deprecated. Please use find_element() instead
  element=Baseconfig.driver.find_element_by_name("aadhaarId")
/home/adminroot/Desktop/final-assignment/inno-doctor/testing-work/addvitalsign_test.py:35: DeprecationWarning: find_element_by_* commands are deprecated. Please use find_element() instead
  addvitalsign = Baseconfig.driver.find_element_by_xpath('/html/body/div[2]/div/section[1]/div/div/div/div/ul/li[3]/a')
/home/adminroot/Desktop/final-assignment/inno-doctor/testing-work/addvitalsign_test.py:38: DeprecationWarning: find_element_by_* commands are deprecated. Please use find_element() instead
  Baseconfig.driver.find_element_by_name('body_weight').send_keys('56')
</p>
                            </td>
                        </tr>
                        <tr>
                            <td colspan="3">
                                Total: 1, Pass: 0, Error: 1 -- Duration: 10.52 s
                            </td>
                        </tr>
                    </tbody>
                </table>
            </div>
        </div>
    </div>
    <script src="https://ajax.googleapis.com/ajax/libs/jquery/2.2.4/jquery.min.js"></script>
    <script type="text/javascript">
        $(document).ready(function(){
            $('td').on('click', '.btn', function(e){
                e.preventDefault();
                e.stopImmediatePropagation();
                var $this = $(this);
                var $nextRow = $this.closest('tr').next('tr');
                $nextRow.slideToggle("fast");
                $this.text(function(i, text){
                    if (text === 'View') {
                        return 'Hide';
                    } else {
                        return 'View';
                    };
                });
            });
        });
    </script>
</body>
</html