<!DOCTYPE html>
<html>
<head>
    <title>Unittest Results</title>
    <meta charset="utf-8">
    <meta name="viewport" content="width=device-width, initial-scale=1.0">
    <link rel="stylesheet" href="https://maxcdn.bootstrapcdn.com/bootstrap/3.3.6/css/bootstrap.min.css" integrity="sha384-1q8mTJOASx8j1Au+a5WDVnPi2lkFfwwEAa8hDDdjZlpLegxhjVME1fgjWPGmkzs7" crossorigin="anonymous">
</head>
<body>
    <div class="container">
        <div class="row">
            <div class="col-xs-12">
                <h2 class="text-capitalize">Unittest Results</h2>
                <p class='attribute'><strong>Start Time: </strong>2022-01-23 15:22:27</p>
                <p class='attribute'><strong>Duration: </strong>10.88 s</p>
                <p class='attribute'><strong>Summary: </strong>Total: 1, Pass: 0, Error: 1</p>
            </div>
        </div>
        <div class="row">
            <div class="col-xs-12 col-sm-10 col-md-10">
                <table class='table table-hover table-responsive'>
                    <thead>
                        <tr>
                            <th>__main__.CheckPatient</th>
                            <th>Status</th>
                            <th></th>
                        </tr>
                    </thead>
                    <tbody>
                        <tr class='warning'>
                            <td class="col-xs-10">test_check_patient</td>
                            <td class="col-xs-1">
                                <span class="label label-warning" style="display:block;width:40px;">Error</span>
                            </td>
                            <td class="col-xs-1">
                                <button class="btn btn-default btn-xs">View</button>
                            </td>
                        </tr>
                        <tr style="display:none;">
                            <td class="col-xs-9" colspan="3"><p style="color:maroon;">NoSuchElementException: Message: no such element: Unable to locate element: {"method":"css selector","selector":"[id="diagnostic_certainty"]"}
  (Session info: chrome=97.0.4692.71)
Stacktrace:
#0 0x55de70175ee3 <unknown>
#1 0x55de6fc43608 <unknown>
#2 0x55de6fc79aa1 <unknown>
#3 0x55de6fc79c61 <unknown>
#4 0x55de6fcac714 <unknown>
#5 0x55de6fc9729d <unknown>
#6 0x55de6fcaa3bc <unknown>
#7 0x55de6fc97163 <unknown>
#8 0x55de6fc6cbfc <unknown>
#9 0x55de6fc6dc05 <unknown>
#10 0x55de701a7baa <unknown>
#11 0x55de701bd651 <unknown>
#12 0x55de701a8b05 <unknown>
#13 0x55de701bea68 <unknown>
#14 0x55de7019d05f <unknown>
#15 0x55de701d9818 <unknown>
#16 0x55de701d9998 <unknown>
#17 0x55de701f4eed <unknown>
#18 0x7ff948c44609 <unknown>
</p><p style="color:maroon;">Traceback (most recent call last):
  File "/home/adminroot/Desktop/final-assignment/inno-doctor/testing-work/addproblemlist_test.py", line 43, in test_check_patient
    select = Select(Baseconfig.driver.find_element_by_id("diagnostic_certainty"))
  File "/home/adminroot/Desktop/final-assignment/inno-doctor/venv/lib/python3.8/site-packages/selenium/webdriver/remote/webdriver.py", line 472, in find_element_by_id
    return self.find_element(by=By.ID, value=id_)
  File "/home/adminroot/Desktop/final-assignment/inno-doctor/venv/lib/python3.8/site-packages/selenium/webdriver/remote/webdriver.py", line 1244, in find_element
    return self.execute(Command.FIND_ELEMENT, {
  File "/home/adminroot/Desktop/final-assignment/inno-doctor/venv/lib/python3.8/site-packages/selenium/webdriver/remote/webdriver.py", line 424, in execute
    self.error_handler.check_response(response)
  File "/home/adminroot/Desktop/final-assignment/inno-doctor/venv/lib/python3.8/site-packages/selenium/webdriver/remote/errorhandler.py", line 247, in check_response
    raise exception_class(message, screen, stacktrace)
selenium.common.exceptions.NoSuchElementException: Message: no such element: Unable to locate element: {"method":"css selector","selector":"[id="diagnostic_certainty"]"}
  (Session info: chrome=97.0.4692.71)
Stacktrace:
#0 0x55de70175ee3 <unknown>
#1 0x55de6fc43608 <unknown>
#2 0x55de6fc79aa1 <unknown>
#3 0x55de6fc79c61 <unknown>
#4 0x55de6fcac714 <unknown>
#5 0x55de6fc9729d <unknown>
#6 0x55de6fcaa3bc <unknown>
#7 0x55de6fc97163 <unknown>
#8 0x55de6fc6cbfc <unknown>
#9 0x55de6fc6dc05 <unknown>
#10 0x55de701a7baa <unknown>
#11 0x55de701bd651 <unknown>
#12 0x55de701a8b05 <unknown>
#13 0x55de701bea68 <unknown>
#14 0x55de7019d05f <unknown>
#15 0x55de701d9818 <unknown>
#16 0x55de701d9998 <unknown>
#17 0x55de701f4eed <unknown>
#18 0x7ff948c44609 <unknown>

/home/adminroot/Desktop/final-assignment/inno-doctor/testing-work/addproblemlist_test.py:18: DeprecationWarning: find_element_by_* commands are deprecated. Please use find_element() instead
  Baseconfig.driver.find_element_by_xpath('//*[@id="navigation"]/ul/li[3]/a').click()
/home/adminroot/Desktop/final-assignment/inno-doctor/testing-work/addproblemlist_test.py:19: DeprecationWarning: find_element_by_* commands are deprecated. Please use find_element() instead
  Baseconfig.driver.find_element_by_id('id_email').send_keys(Configuration.USER_EMAIL)
/home/adminroot/Desktop/final-assignment/inno-doctor/testing-work/addproblemlist_test.py:21: DeprecationWarning: find_element_by_* commands are deprecated. Please use find_element() instead
  Baseconfig.driver.find_element_by_id('id_password').send_keys(Configuration.USER_PASSWORD)
/home/adminroot/Desktop/final-assignment/inno-doctor/testing-work/addproblemlist_test.py:22: DeprecationWarning: find_element_by_* commands are deprecated. Please use find_element() instead
  Baseconfig.driver.find_element_by_xpath('//*[@id="rememberMe"]').click()
/home/adminroot/Desktop/final-assignment/inno-doctor/testing-work/addproblemlist_test.py:24: DeprecationWarning: find_element_by_* commands are deprecated. Please use find_element() instead
  button=Baseconfig.driver.find_element_by_id('doctor_signin')
/home/adminroot/Desktop/final-assignment/inno-doctor/testing-work/addproblemlist_test.py:28: DeprecationWarning: find_element_by_* commands are deprecated. Please use find_element() instead
  checkpatient=Baseconfig.driver.find_element_by_xpath('//*[@id="navigation"]/ul/li[1]/a/p')
/home/adminroot/Desktop/final-assignment/inno-doctor/testing-work/addproblemlist_test.py:31: DeprecationWarning: find_element_by_* commands are deprecated. Please use find_element() instead
  element=Baseconfig.driver.find_element_by_name("aadhaarId")
/home/adminroot/Desktop/final-assignment/inno-doctor/testing-work/addproblemlist_test.py:35: DeprecationWarning: find_element_by_* commands are deprecated. Please use find_element() instead
  problemlist= Baseconfig.driver.find_element_by_xpath('/html/body/div[2]/div/section[1]/div/div/div/div/ul/li[2]/a')
/home/adminroot/Desktop/final-assignment/inno-doctor/testing-work/addproblemlist_test.py:38: DeprecationWarning: find_element_by_* commands are deprecated. Please use find_element() instead
  Baseconfig.driver.find_element_by_name('problem').send_keys('fever')
/home/adminroot/Desktop/final-assignment/inno-doctor/testing-work/addproblemlist_test.py:39: DeprecationWarning: find_element_by_* commands are deprecated. Please use find_element() instead
  Baseconfig.driver.find_element_by_name('body_site').send_keys('whole')
/home/adminroot/Desktop/final-assignment/inno-doctor/testing-work/addproblemlist_test.py:40: DeprecationWarning: find_element_by_* commands are deprecated. Please use find_element() instead
  select = Select(Baseconfig.driver.find_element_by_id("id_severity"))
/home/adminroot/Desktop/final-assignment/inno-doctor/testing-work/addproblemlist_test.py:42: DeprecationWarning: find_element_by_* commands are deprecated. Please use find_element() instead
  Baseconfig.driver.find_element_by_name('abatement_date').send_keys('19012022')
/home/adminroot/Desktop/final-assignment/inno-doctor/testing-work/addproblemlist_test.py:43: DeprecationWarning: find_element_by_* commands are deprecated. Please use find_element() instead
  select = Select(Baseconfig.driver.find_element_by_id("diagnostic_certainty"))
</p>
                            </td>
                        </tr>
                        <tr>
                            <td colspan="3">
                                Total: 1, Pass: 0, Error: 1 -- Duration: 10.88 s
                            </td>
                        </tr>
                    </tbody>
                </table>
            </div>
        </div>
    </div>
    <script src="https://ajax.googleapis.com/ajax/libs/jquery/2.2.4/jquery.min.js"></script>
    <script type="text/javascript">
        $(document).ready(function(){
            $('td').on('click', '.btn', function(e){
                e.preventDefault();
                e.stopImmediatePropagation();
                var $this = $(this);
                var $nextRow = $this.closest('tr').next('tr');
                $nextRow.slideToggle("fast");
                $this.text(function(i, text){
                    if (text === 'View') {
                        return 'Hide';
                    } else {
                        return 'View';
                    };
                });
            });
        });
    </script>
</body>
</html