<!DOCTYPE html>
<html>
<head>
    <title>Unittest Results</title>
    <meta charset="utf-8">
    <meta name="viewport" content="width=device-width, initial-scale=1.0">
    <link rel="stylesheet" href="https://maxcdn.bootstrapcdn.com/bootstrap/3.3.6/css/bootstrap.min.css" integrity="sha384-1q8mTJOASx8j1Au+a5WDVnPi2lkFfwwEAa8hDDdjZlpLegxhjVME1fgjWPGmkzs7" crossorigin="anonymous">
</head>
<body>
    <div class="container">
        <div class="row">
            <div class="col-xs-12">
                <h2 class="text-capitalize">Unittest Results</h2>
                <p class='attribute'><strong>Start Time: </strong>2022-01-18 11:10:25</p>
                <p class='attribute'><strong>Duration: </strong>21 ms</p>
                <p class='attribute'><strong>Summary: </strong>Total: 1, Pass: 0, Error: 1</p>
            </div>
        </div>
        <div class="row">
            <div class="col-xs-12 col-sm-10 col-md-10">
                <table class='table table-hover table-responsive'>
                    <thead>
                        <tr>
                            <th>__main__.Login</th>
                            <th>Status</th>
                            <th></th>
                        </tr>
                    </thead>
                    <tbody>
                        <tr class='warning'>
                            <td class="col-xs-10">test_do_login</td>
                            <td class="col-xs-1">
                                <span class="label label-warning" style="display:block;width:40px;">Error</span>
                            </td>
                            <td class="col-xs-1">
                                <button class="btn btn-default btn-xs">View</button>
                            </td>
                        </tr>
                        <tr style="display:none;">
                            <td class="col-xs-9" colspan="3"><p style="color:maroon;">NoSuchElementException: Message: no such element: Unable to locate element: {"method":"xpath","selector":"/html/body/div/a[1]"}
  (Session info: chrome=97.0.4692.71)
Stacktrace:
#0 0x5612f2996ee3 <unknown>
#1 0x5612f2464608 <unknown>
#2 0x5612f249aaa1 <unknown>
#3 0x5612f249ac61 <unknown>
#4 0x5612f24cd714 <unknown>
#5 0x5612f24b829d <unknown>
#6 0x5612f24cb3bc <unknown>
#7 0x5612f24b8163 <unknown>
#8 0x5612f248dbfc <unknown>
#9 0x5612f248ec05 <unknown>
#10 0x5612f29c8baa <unknown>
#11 0x5612f29de651 <unknown>
#12 0x5612f29c9b05 <unknown>
#13 0x5612f29dfa68 <unknown>
#14 0x5612f29be05f <unknown>
#15 0x5612f29fa818 <unknown>
#16 0x5612f29fa998 <unknown>
#17 0x5612f2a15eed <unknown>
#18 0x7fb222012609 <unknown>
</p><p style="color:maroon;">Traceback (most recent call last):
  File "/home/adminroot/Desktop/mvp-latest/testing-work/login.py", line 9, in test_do_login
    Baseconfig.driver.find_element_by_xpath('/html/body/div/a[1]').click()
  File "/home/adminroot/.local/lib/python3.8/site-packages/selenium/webdriver/remote/webdriver.py", line 520, in find_element_by_xpath
    return self.find_element(by=By.XPATH, value=xpath)
  File "/home/adminroot/.local/lib/python3.8/site-packages/selenium/webdriver/remote/webdriver.py", line 1244, in find_element
    return self.execute(Command.FIND_ELEMENT, {
  File "/home/adminroot/.local/lib/python3.8/site-packages/selenium/webdriver/remote/webdriver.py", line 424, in execute
    self.error_handler.check_response(response)
  File "/home/adminroot/.local/lib/python3.8/site-packages/selenium/webdriver/remote/errorhandler.py", line 247, in check_response
    raise exception_class(message, screen, stacktrace)
selenium.common.exceptions.NoSuchElementException: Message: no such element: Unable to locate element: {"method":"xpath","selector":"/html/body/div/a[1]"}
  (Session info: chrome=97.0.4692.71)
Stacktrace:
#0 0x5612f2996ee3 <unknown>
#1 0x5612f2464608 <unknown>
#2 0x5612f249aaa1 <unknown>
#3 0x5612f249ac61 <unknown>
#4 0x5612f24cd714 <unknown>
#5 0x5612f24b829d <unknown>
#6 0x5612f24cb3bc <unknown>
#7 0x5612f24b8163 <unknown>
#8 0x5612f248dbfc <unknown>
#9 0x5612f248ec05 <unknown>
#10 0x5612f29c8baa <unknown>
#11 0x5612f29de651 <unknown>
#12 0x5612f29c9b05 <unknown>
#13 0x5612f29dfa68 <unknown>
#14 0x5612f29be05f <unknown>
#15 0x5612f29fa818 <unknown>
#16 0x5612f29fa998 <unknown>
#17 0x5612f2a15eed <unknown>
#18 0x7fb222012609 <unknown>

/home/adminroot/Desktop/mvp-latest/testing-work/login.py:9: DeprecationWarning: find_element_by_* commands are deprecated. Please use find_element() instead
  Baseconfig.driver.find_element_by_xpath('/html/body/div/a[1]').click()
</p>
                            </td>
                        </tr>
                        <tr>
                            <td colspan="3">
                                Total: 1, Pass: 0, Error: 1 -- Duration: 21 ms
                            </td>
                        </tr>
                    </tbody>
                </table>
            </div>
        </div>
    </div>
    <script src="https://ajax.googleapis.com/ajax/libs/jquery/2.2.4/jquery.min.js"></script>
    <script type="text/javascript">
        $(document).ready(function(){
            $('td').on('click', '.btn', function(e){
                e.preventDefault();
                e.stopImmediatePropagation();
                var $this = $(this);
                var $nextRow = $this.closest('tr').next('tr');
                $nextRow.slideToggle("fast");
                $this.text(function(i, text){
                    if (text === 'View') {
                        return 'Hide';
                    } else {
                        return 'View';
                    };
                });
            });
        });
    </script>
</body>
</html